[2025-09-30 14:52:08]:[ERROR] :: [[BCRYPT] ERROR AL PROCESAR LA PASSWORD: data and salt arguments required]
[2025-09-30 14:52:18]:[ERROR] :: [[BCRYPT] ERROR AL PROCESAR LA PASSWORD: data and salt arguments required]
[2025-09-30 14:52:20]:[ERROR] :: [[BCRYPT] ERROR AL PROCESAR LA PASSWORD: data and salt arguments required]
[2025-09-30 14:52:25]:[ERROR] :: [[BCRYPT] ERROR AL PROCESAR LA PASSWORD: data and salt arguments required]
[2025-09-30 14:52:26]:[ERROR] :: [[BCRYPT] ERROR AL PROCESAR LA PASSWORD: data and salt arguments required]
[2025-09-30 14:52:49]:[ERROR] :: [[BCRYPT] ERROR AL PROCESAR LA PASSWORD: data and salt arguments required]
[2025-09-30 14:52:51]:[ERROR] :: [[BCRYPT] ERROR AL PROCESAR LA PASSWORD: data and salt arguments required]
[2025-09-30 14:53:04]:[ERROR] :: [[BCRYPT] ERROR AL PROCESAR LA PASSWORD: data and salt arguments required]
[2025-09-30 14:53:06]:[ERROR] :: [[BCRYPT] ERROR AL PROCESAR LA PASSWORD: data and salt arguments required]
[2025-09-30 14:53:38]:[INFO] :: [[BCRYPT] ENCRIPTACION DE PASSWORD EXITOSA!!!!]
[2025-09-30 14:53:55]:[INFO] :: [[BCRYPT] ENCRIPTACION DE PASSWORD EXITOSA!!!!]
[2025-09-30 14:53:55]:[INFO] :: [[SERVER] 🚀 Server running on port 5489]
[2025-09-30 14:59:24]:[INFO] :: [[SERVER] 🚀 Server running on port 5489] [USER: qa@lsv-tech.com] [MODULE: system]
[2025-09-30 15:00:01]:[INFO] :: [[SERVER] 🚀 Server running on port 5489] [USER: qa@lsv-tech.com]
[2025-09-30 15:00:04]:[INFO] :: [[SERVER] 🚀 Server running on port 5489] [USER: qa@lsv-tech.com] [MODULE: General]
[2025-09-30 15:00:17]:[INFO] :: [[SERVER] 🚀 Server running on port 5489] [USER: qa@lsv-tech.com] [MODULE: General]
[2025-09-30 15:00:42]:[INFO] :: [[SERVER] 🚀 Server running on port 5489] [USER: qa@lsv-tech.com] [MODULE: General]
[2025-09-30 15:01:00]:[INFO] :: [[SERVER] 🚀 Server running on port 5489] [USER: qa@lsv-tech.com] [MODULE: General]
[2025-09-30 15:01:03]:[INFO] :: [[SERVER] 🚀 Server running on port 5489] [USER: qa@lsv-tech.com] [MODULE: General]
[2025-09-30 15:01:18]:[INFO] :: [[SERVER] 🚀 Server running on port 5489] [USER: qa@lsv-tech.com] [MODULE: General]
[2025-09-30 15:01:19]:[INFO] :: [[SERVER] 🚀 Server running on port 5489] [USER: qa@lsv-tech.com] [MODULE: General]
[2025-09-30 15:01:20]:[INFO] :: [[SERVER] 🚀 Server running on port 5489] [USER: qa@lsv-tech.com] [MODULE: General]
[2025-09-30 15:01:22]:[INFO] :: [[SERVER] 🚀 Server running on port 5489] [USER: qa@lsv-tech.com] [MODULE: General]
[2025-09-30 15:29:08]:[INFO] :: [[SERVER] 🚀 Server running on port 5489] [USER: qa@lsv-tech.com] [MODULE: General]
[2025-09-30 15:30:06]:[INFO] :: [[SERVER] 🚀 Server running on port 5489] [USER: qa@lsv-tech.com] [MODULE: General]
[2025-09-30 15:32:15]:[INFO] :: [[SERVER] 🚀 Server running on port 5489] [USER: qa@lsv-tech.com] [MODULE: General]
[2025-09-30 15:32:20]:[INFO] :: [[SERVER] 🚀 Server running on port 5489] [USER: qa@lsv-tech.com] [MODULE: General]
[2025-09-30 15:32:21]:[INFO] :: [[SERVER] 🚀 Server running on port 5489] [USER: qa@lsv-tech.com] [MODULE: General]
[2025-09-30 15:32:23]:[INFO] :: [[SERVER] 🚀 Server running on port 5489] [USER: qa@lsv-tech.com] [MODULE: General]
[2025-09-30 15:32:52]:[INFO] :: [[SERVER] 🚀 Server running on port 5489] [USER: qa@lsv-tech.com] [MODULE: General]
[2025-09-30 15:36:25]:[INFO] :: [[SERVER] 🚀 Server running on port 5489] [USER: qa@lsv-tech.com] [MODULE: General]
[2025-09-30 15:36:35]:[INFO] :: [[SERVER] 🚀 Server running on port 5489] [USER: qa@lsv-tech.com] [MODULE: General]
[2025-09-30 15:36:39]:[INFO] :: [[SERVER] 🚀 Server running on port 5489] [USER: qa@lsv-tech.com] [MODULE: General]
[2025-09-30 15:36:47]:[INFO] :: [[SERVER] 🚀 Server running on port 5489] [USER: qa@lsv-tech.com] [MODULE: General]
[2025-09-30 15:36:50]:[INFO] :: [[SERVER] 🚀 Server running on port 5489] [USER: qa@lsv-tech.com] [MODULE: General]
[2025-09-30 15:36:58]:[INFO] :: [[SERVER] 🚀 Server running on port 5489] [USER: qa@lsv-tech.com] [MODULE: General]
[2025-09-30 15:36:59]:[INFO] :: [[SERVER] 🚀 Server running on port 5489] [USER: qa@lsv-tech.com] [MODULE: General]
[2025-09-30 15:37:02]:[ERROR] :: [[BCRYPT] ERROR AL PROCESAR LA COMPOARACION DE PASSWORD: data and hash arguments required]
[2025-09-30 15:37:02]:[WARN] :: [[AUTH] CORREO O PASSWORD ERRONEA!!!!]
[2025-09-30 15:38:03]:[INFO] :: [[SERVER] 🚀 Server running on port 5489] [USER: qa@lsv-tech.com] [MODULE: General]
[2025-09-30 15:38:05]:[INFO] :: [[SERVER] 🚀 Server running on port 5489] [USER: qa@lsv-tech.com] [MODULE: General]
[2025-09-30 15:38:07]:[INFO] :: [[SERVER] 🚀 Server running on port 5489] [USER: qa@lsv-tech.com] [MODULE: General]
[2025-09-30 15:38:18]:[INFO] :: [[SERVER] 🚀 Server running on port 5489] [USER: qa@lsv-tech.com] [MODULE: General]
[2025-09-30 15:38:21]:[INFO] :: [[SERVER] 🚀 Server running on port 5489] [USER: qa@lsv-tech.com] [MODULE: General]
[2025-09-30 15:38:28]:[ERROR] :: [[BCRYPT] ERROR AL PROCESAR LA COMPOARACION DE PASSWORD: data and hash arguments required]
[2025-09-30 15:38:28]:[WARN] :: [[AUTH] CORREO O PASSWORD ERRONEA!!!!]
[2025-09-30 15:39:24]:[INFO] :: [[SERVER] 🚀 Server running on port 5489] [USER: qa@lsv-tech.com] [MODULE: General]
[2025-09-30 15:41:04]:[INFO] :: [[BCRYPT] ENCRIPTACION DE PASSWORD EXITOSA!!!!]
[2025-09-30 15:41:04]:[INFO] :: [[SERVER] 🚀 Server running on port 5489] [USER: qa@lsv-tech.com] [MODULE: General]
[2025-09-30 15:41:24]:[ERROR] :: [[BCRYPT] ERROR AL PROCESAR LA COMPOARACION DE PASSWORD: data and hash arguments required]
[2025-09-30 15:41:24]:[WARN] :: [[AUTH] CORREO O PASSWORD ERRONEA!!!!]
[2025-09-30 15:41:48]:[ERROR] :: [[BCRYPT] ERROR AL PROCESAR LA COMPOARACION DE PASSWORD: data and hash arguments required]
[2025-09-30 15:41:48]:[WARN] :: [[AUTH] CORREO O PASSWORD ERRONEA!!!!]
[2025-09-30 15:42:00]:[ERROR] :: [[BCRYPT] ERROR AL PROCESAR LA COMPOARACION DE PASSWORD: data and hash arguments required]
[2025-09-30 15:42:00]:[WARN] :: [[AUTH] CORREO O PASSWORD ERRONEA!!!!]
[2025-09-30 15:45:11]:[INFO] :: [[BCRYPT] ENCRIPTACION DE PASSWORD EXITOSA!!!!]
[2025-09-30 15:45:11]:[INFO] :: [[SERVER] 🚀 Server running on port 5489] [USER: jmtb@outlook.es] [MODULE: General]
[2025-09-30 15:45:54]:[INFO] :: [[SERVER] 🚀 Server running on port 5489] [USER: jmtb@outlook.es] [MODULE: General]
[2025-09-30 15:46:01]:[INFO] :: [[SERVER] 🚀 Server running on port 5489] [USER: jmtb@outlook.es] [MODULE: General]
[2025-09-30 15:46:05]:[INFO] :: [[SERVER] 🚀 Server running on port 5489] [USER: jmtb@outlook.es] [MODULE: General]
[2025-09-30 15:46:09]:[INFO] :: [[SERVER] 🚀 Server running on port 5489] [USER: jmtb@outlook.es] [MODULE: General]
[2025-09-30 15:46:17]:[ERROR] :: [[BCRYPT] ERROR AL PROCESAR LA COMPOARACION DE PASSWORD: data and hash arguments required]
[2025-09-30 15:46:17]:[WARN] :: [[AUTH] CORREO O PASSWORD ERRONEA!!!!]
[2025-09-30 15:46:53]:[INFO] :: [[SERVER] 🚀 Server running on port 5489] [USER: jmtb@outlook.es] [MODULE: General]
[2025-09-30 15:46:57]:[INFO] :: [[SERVER] 🚀 Server running on port 5489] [USER: jmtb@outlook.es] [MODULE: General]
[2025-09-30 15:46:59]:[INFO] :: [[SERVER] 🚀 Server running on port 5489] [USER: jmtb@outlook.es] [MODULE: General]
[2025-09-30 15:47:00]:[INFO] :: [[SERVER] 🚀 Server running on port 5489] [USER: jmtb@outlook.es] [MODULE: General]
[2025-09-30 15:47:49]:[INFO] :: [[SERVER] 🚀 Server running on port 5489] [USER: jmtb@outlook.es] [MODULE: General]
[2025-09-30 15:47:54]:[INFO] :: [[BCRYPT] ENCRIPTACION DE PASSWORD EXITOSA!!!!]
[2025-09-30 15:48:07]:[INFO] :: [[SERVER] 🚀 Server running on port 5489] [USER: jmtb@outlook.es] [MODULE: General]
[2025-09-30 15:48:09]:[INFO] :: [[BCRYPT] ENCRIPTACION DE PASSWORD EXITOSA!!!!]
[2025-09-30 15:50:36]:[INFO] :: [[SERVER] 🚀 Server running on port 5489] [USER: jmtb@outlook.es] [MODULE: General]
[2025-09-30 15:50:46]:[INFO] :: [[BCRYPT] ENCRIPTACION DE PASSWORD EXITOSA!!!!]
